  InGame.c
  InGameCh.c
  InGameEx.c
  InGameField.c
  InGameUI.c
D:\j\학교\ass5\ass5\InGameUI.c(34): warning C4020: 'deleteObstacle': 실제 매개 변수가 너무 많습니다.
D:\j\학교\ass5\ass5\InGameUI.c(37): warning C4020: 'deleteObstacle': 실제 매개 변수가 너무 많습니다.
D:\j\학교\ass5\ass5\InGameUI.c(49): warning C4020: 'deleteObstacle': 실제 매개 변수가 너무 많습니다.
D:\j\학교\ass5\ass5\InGameUI.c(52): warning C4020: 'deleteObstacle': 실제 매개 변수가 너무 많습니다.
  InGame_frame.c
  Main.c
  코드를 생성하고 있습니다...
D:\j\학교\ass5\ass5\InGame_frame.c(16): warning C4715: 'InGame': 모든 제어 경로에서 값을 반환하지는 않습니다.
InGameCh.obj : error LNK2019: _Showcharacter 외부 기호(참조 위치: _doMotion 함수)에서 확인하지 못했습니다.
InGameField.obj : error LNK2001: _Showcharacter 외부 기호를 확인할 수 없습니다.
InGameUI.obj : error LNK2001: _Showcharacter 외부 기호를 확인할 수 없습니다.
InGameCh.obj : error LNK2019: _DeleteCh 외부 기호(참조 위치: _doMotion 함수)에서 확인하지 못했습니다.
InGameField.obj : error LNK2001: _DeleteCh 외부 기호를 확인할 수 없습니다.
InGameField.obj : error LNK2019: _printEndingScreen 외부 기호(참조 위치: _JumpToNextStage 함수)에서 확인하지 못했습니다.
InGameField.obj : error LNK2019: _resetGame 외부 기호(참조 위치: _JumpToNextStage 함수)에서 확인하지 못했습니다.
InGameUI.obj : error LNK2019: _deleteObstacle 외부 기호(참조 위치: _clearScreen 함수)에서 확인하지 못했습니다.
InGame_frame.obj : error LNK2019: _shiftScreenLeft 외부 기호(참조 위치: _PlayGame 함수)에서 확인하지 못했습니다.
InGame_frame.obj : error LNK2019: _printObstacle 외부 기호(참조 위치: _PlayGame 함수)에서 확인하지 못했습니다.
Main.obj : error LNK2019: _printStartTitle 외부 기호(참조 위치: _main 함수)에서 확인하지 못했습니다.
D:\j\학교\ass5\Debug\ass5.exe : fatal error LNK1120: 8개의 확인할 수 없는 외부 참조입니다.
